<?xml version="1.0" encoding="UTF-8"?>
<!-- Generated by org.testng.reporters.JUnitReportReporter -->
<testsuite skipped="0" hostname="38f9d365a3cb.ant.amazon.com" name="TestNG.demo.TestNGSimpleTest" tests="1" failures="0" timestamp="2020-06-13T17:44:25 IST" time="0.012" errors="0">
  <testcase name="test1" time="0.012" classname="TestNG.demo.TestNGSimpleTest"/>
  <system-out/>
</testsuite> <!-- TestNG.demo.TestNGSimpleTest -->
