<?xml version="1.0" encoding="UTF-8"?>
<!-- Generated by org.testng.reporters.JUnitReportReporter -->
<testsuite skipped="0" hostname="38f9d365a3cb.ant.amazon.com" name="TestNG.demo.PythagorasWithDataProvTest" tests="2" failures="0" timestamp="2020-06-14T01:46:51 IST" time="0.013" errors="0">
  <testcase name="testPT" time="0.006" classname="TestNG.demo.PythagorasWithDataProvTest"/>
  <system-out/>
  <testcase name="testPT" time="0.007" classname="TestNG.demo.PythagorasWithDataProvTest"/>
  <system-out/>
</testsuite> <!-- TestNG.demo.PythagorasWithDataProvTest -->
